 *************************************************
 Autochem(temporal name) May 2017
 Author: Teresa Tamayo Mendoza 
 *************************************************

 Starting at Sun Jun 11 19:08:56 2017
 -------------------------------------------------------- 
 Task: Opt 

 Outputfiles prefix: h2_sto_3gc-task-0 
 Optimization ...
 ---Start--- 
 Initial parameters 
 Maximum number of SCF: 100
 Default SCF tolerance: 0.000000
 Initial density matrix: None
 Maximum number of optimization steps: (FIX ME)30
 Tolerance in jac infinity norm (Hardcoded): 0.100000 
 Tolerance in energy (Hardcoded): 0.000010 
 Atomic coordinates
  H 1 1 0.0 0.0 0.692179209692
  H 2 1 0.0 0.0 -0.692179209692
 Basis functions
  1 0.000000 0.000000 0.692179 s 3.425251 0 0 0
  2 0.000000 0.000000 -0.692179 s 0.623914 0 0 0

 ---End--- 
 Time 9.6907910 :
 Message: Maximum number of iterations has been exceeded.
 Current energy: -1.117240
 Current gradient  0.009984 
 Number of iterations 1 
 Atomic coordinates
  H 1 1 0.0 0.0 0.692179209692
  H 2 1 0.0 0.0 -0.692179209692
 Basis functions
  1 0.000000 0.000000 0.692179 s 3.422248 0 0 0
  2 0.000000 0.000000 -0.692179 s 0.621134 0 0 0

 -------------------------------------------------------- 
 Task: Opt 

 Outputfiles prefix: h2_sto_3gc-task-1 
 Optimization ...
 ---Start--- 
 Initial parameters 
 Maximum number of SCF: 100
 Default SCF tolerance: 0.000000
 Initial density matrix: None
 Maximum number of optimization steps: (FIX ME)30
 Tolerance in jac infinity norm (Hardcoded): 0.100000 
 Tolerance in energy (Hardcoded): 0.000010 
 Atomic coordinates
  H 1 1 0.0 0.0 0.692179209692
  H 2 1 0.0 0.0 -0.692179209692
 Basis functions
  1 0.000000 0.000000 0.692179 s 3.422248 0 0 0
  2 0.000000 0.000000 -0.692179 s 0.621134 0 0 0

 ---End--- 
 Time 39.7921750 :
 Message: Maximum number of iterations has been exceeded.
 Current energy: -1.119723
 Current gradient  0.008927 
 Number of iterations 1 
 Atomic coordinates
  H 1 1 0.0 0.0 0.692179209692
  H 2 1 0.0 0.0 -0.692179209692
 Basis functions
  1 0.000000 0.000000 0.692179 s 3.439104 0 0 0
  2 0.000000 0.000000 -0.692179 s 0.621554 0 0 0

 Finishing at Sun Jun 11 19:09:46 2017 
 *************************************************

