 *************************************************
 Autochem(temporal name) May 2017
 Author: Teresa Tamayo Mendoza 
 *************************************************

 Starting at Tue Jun 27 11:51:18 2017
 -------------------------------------------------------- 
 Task: Energy 

 Output molden file: mol-sto-2g-0 
 Single point ...
 ---Start--- 
 Initial parameters 
 Maximum number of SCF: 300
 Default SCF tolerance: 0.000000
 Initial density matrix: None
 Atomic coordinates
  C 1 6 0.3741597775 -1.1515375979 0.544310121
  C 2 6 -0.979593833 -0.7117070935 0.54433233
  C 3 6 -0.9795816267 0.7117122913 0.5443295071
  C 4 6 0.3741674655 1.1515582312 0.5443474137
  C 5 6 1.2108597017 3.8285e-06 0.5443972555
  C 6 6 0.7675167561 -2.3621142514 0.0628406263
  C 7 6 -2.0093789671 -1.4598887643 0.0629151294
  C 8 6 -2.009399864 1.459860496 0.0628951408
  C 9 6 0.7675119147 2.3621334718 0.0628708949
  C 10 6 2.4837225394 2.7304e-05 0.0629242549
  C 11 6 -0.3420704793 3.2576513099 -0.2614879314
  C 12 6 2.9925825492 1.3320310762 -0.2613700584
  C 13 6 2.1915782577 -2.434450328 -0.2614603288
  C 14 6 -1.6380926894 -2.8365826465 -0.2614465489
  C 15 6 -3.2039772715 -0.6813792882 -0.2614026662
  C 16 6 -0.3420720145 -3.2576381096 -0.2614723342
  C 17 6 2.9925357726 -1.3319821199 -0.2613949163
  C 18 6 2.1915727453 2.4344651645 -0.2614045116
  C 19 6 -1.6380616486 2.8365266673 -0.2615153154
  C 20 6 -3.2039977984 0.681331593 -0.2614232883
  H 21 1 -0.1225897467 4.2689825759 -0.5849074241
  H 22 1 4.0222521275 1.4358510087 -0.5846804678
  H 23 1 2.6084527495 -3.3816550801 -0.5848107616
  H 24 1 -2.410068713 -3.5258164095 -0.5847714295
  H 25 1 -4.0980669056 -1.2025630314 -0.584701056
  H 26 1 -0.1226087165 -4.2689881125 -0.5848796271
  H 27 1 4.0222045834 -1.4358550382 -0.5847303812
  H 28 1 2.6084929293 3.3816641982 -0.5847355858
  H 29 1 -2.4100288852 3.5257433878 -0.5849149882
  H 30 1 -4.0980201499 1.2026152678 -0.5847282526
 Basis functions
  1 0.374160 -1.151538 0.544310 s 27.385033 0 0 0
  2 0.374160 -1.151538 0.544310 s 4.874522 0 0 0
  3 0.374160 -1.151538 0.544310 p 1.136748 1 0 0
  4 0.374160 -1.151538 0.544310 p 0.288309 0 1 0
  5 0.374160 -1.151538 0.544310 p 1.136748 0 0 1
  6 -0.979594 -0.711707 0.544332 s 0.288309 0 0 0
  7 -0.979594 -0.711707 0.544332 s 1.136748 0 0 0
  8 -0.979594 -0.711707 0.544332 p 0.288309 1 0 0
  9 -0.979594 -0.711707 0.544332 p 1.136748 0 1 0
  10 -0.979594 -0.711707 0.544332 p 0.288309 0 0 1
  11 -0.979582 0.711712 0.544330 s 27.385033 0 0 0
  12 -0.979582 0.711712 0.544330 s 4.874522 0 0 0
  13 -0.979582 0.711712 0.544330 p 1.136748 1 0 0
  14 -0.979582 0.711712 0.544330 p 0.288309 0 1 0
  15 -0.979582 0.711712 0.544330 p 1.136748 0 0 1
  16 0.374167 1.151558 0.544347 s 0.288309 0 0 0
  17 0.374167 1.151558 0.544347 s 1.136748 0 0 0
  18 0.374167 1.151558 0.544347 p 0.288309 1 0 0
  19 0.374167 1.151558 0.544347 p 1.136748 0 1 0
  20 0.374167 1.151558 0.544347 p 0.288309 0 0 1
  21 1.210860 0.000004 0.544397 s 27.385033 0 0 0
  22 1.210860 0.000004 0.544397 s 4.874522 0 0 0
  23 1.210860 0.000004 0.544397 p 1.136748 1 0 0
  24 1.210860 0.000004 0.544397 p 0.288309 0 1 0
  25 1.210860 0.000004 0.544397 p 1.136748 0 0 1
  26 0.767517 -2.362114 0.062841 s 0.288309 0 0 0
  27 0.767517 -2.362114 0.062841 s 1.136748 0 0 0
  28 0.767517 -2.362114 0.062841 p 0.288309 1 0 0
  29 0.767517 -2.362114 0.062841 p 1.136748 0 1 0
  30 0.767517 -2.362114 0.062841 p 0.288309 0 0 1
  31 -2.009379 -1.459889 0.062915 s 27.385033 0 0 0
  32 -2.009379 -1.459889 0.062915 s 4.874522 0 0 0
  33 -2.009379 -1.459889 0.062915 p 1.136748 1 0 0
  34 -2.009379 -1.459889 0.062915 p 0.288309 0 1 0
  35 -2.009379 -1.459889 0.062915 p 1.136748 0 0 1
  36 -2.009400 1.459860 0.062895 s 0.288309 0 0 0
  37 -2.009400 1.459860 0.062895 s 1.136748 0 0 0
  38 -2.009400 1.459860 0.062895 p 0.288309 1 0 0
  39 -2.009400 1.459860 0.062895 p 1.136748 0 1 0
  40 -2.009400 1.459860 0.062895 p 0.288309 0 0 1
  41 0.767512 2.362133 0.062871 s 27.385033 0 0 0
  42 0.767512 2.362133 0.062871 s 4.874522 0 0 0
  43 0.767512 2.362133 0.062871 p 1.1