 *************************************************
 DiffiQult Ago 2017
 Author: Teresa Tamayo Mendoza 
 *************************************************

 Starting at Tue Nov 28 16:38:15 2017
 -------------------------------------------------------- 
 Task: Energy 

 Output molden file: h2_sto_3g-1 
 Single point ...
 ---Start--- 
 Initial parameters 
 Maximum number of SCF: 50
 Default SCF tolerance: 0.000000
 Initial density matrix: None
 Atomic coordinates
  O 1 8 0.0 0.0 0.0916858011029
  H 2 1 1.42296788349 0.0 -0.981209549317
  H 3 1 -1.42296788349 0.0 -0.981209549317
 Basis functions
  1 0.000000 0.000000 0.091686 s 130.709320 0 0 0
  2 0.000000 0.000000 0.091686 s 23.808861 0 0 0
  3 0.000000 0.000000 0.091686 p 6.443608 1 0 0
  4 0.000000 0.000000 0.091686 p 5.033151 0 1 0
  5 0.000000 0.000000 0.091686 p 1.169596 0 0 1
  6 1.422968 0.000000 -0.981210 s 0.380389 0 0 0
  7 -1.422968 0.000000 -0.981210 s 5.033151 0 0 0

 ---End--- 
 Time 10.2415940 :
 SCF converged!!
 Energy: -74.9598578 
 -------------------------------------------------------- 
 Task: Opt 

 Outputfiles prefix: h2_sto_3g-task-2 
 Optimization ...
 ---Start--- 
 Initial parameters 
 Maximum number of SCF: 50
 Default SCF tolerance: 0.000000
 Initial density matrix: None
 Maximum number of optimization steps: (FIX ME)30
 Tolerance in jac infinity norm (Hardcoded): 0.100000 
 Tolerance in energy (Hardcoded): 0.000010 
 Atomic coordinates
  O 1 8 0.0 0.0 0.0916858011029
  H 2 1 1.42296788349 0.0 -0.981209549317
  H 3 1 -1.42296788349 0.0 -0.981209549317
 Basis functions
  1 0.000000 0.000000 0.091686 s 130.709320 0 0 0
  2 0.000000 0.000000 0.091686 s 23.808861 0 0 0
  3 0.000000 0.000000 0.091686 p 6.443608 1 0 0
  4 0.000000 0.000000 0.091686 p 5.033151 0 1 0
  5 0.000000 0.000000 0.091686 p 1.169596 0 0 1
  6 1.422968 0.000000 -0.981210 s 0.380389 0 0 0
  7 -1.422968 0.000000 -0.981210 s 5.033151 0 0 0

 ---End--- 
 Time 1221.3401320 :
 Message: Maximum number of iterations has been exceeded.
 Current energy: -74.976643
 Current gradient  0.256754 
 Number of iterations 3 
 Atomic coordinates
  O 1 8 0.0 0.0 0.0916858011029
  H 2 1 1.42296788349 0.0 -0.981209549317
  H 3 1 -1.42296788349 0.0 -0.981209549317
 Basis functions
  1 0.000000 0.000000 0.091686 s 135.263104 0 0 0
  2 0.000000 0.000000 0.091686 s 23.755473 0 0 0
  3 0.000000 0.000000 0.091686 p 6.558207 1 0 0
  4 0.000000 0.000000 0.091686 p 5.162051 0 1 0
  5 0.000000 0.000000 0.091686 p 1.199706 0 0 1
  6 1.422968 0.000000 -0.981210 s 0.378480 0 0 0
  7 -1.422968 0.000000 -0.981210 s 5.320693 0 0 0

