 *************************************************
 Autochem(temporal name) May 2017
 Author: Teresa Tamayo Mendoza 
 *************************************************

 Starting at Thu Jun 29 19:48:57 2017
 -------------------------------------------------------- 
 Task: Energy 

 Output molden file: h2o_sto_2g-0 
 Single point ...
 ---Start--- 
 Initial parameters 
 Maximum number of SCF: 300
 Default SCF tolerance: 0.000000
 Initial density matrix: None
 Atomic coordinates
  O 1 8 0.0 0.0 0.0916858011029
  H 2 1 1.42296788349 0.0 -0.981209549317
  H 3 1 -1.42296788349 0.0 -0.981209549317
 Basis functions
  1 0.000000 0.000000 0.091686 s 49.980971 0 0 0
  2 0.000000 0.000000 0.091686 s 8.896588 0 0 0
  3 0.000000 0.000000 0.091686 s 1.945237 0 0 0
  4 0.000000 0.000000 0.091686 s 0.493363 0 0 0
  5 0.000000 0.000000 0.091686 p 1.945237 1 0 0
  6 0.000000 0.000000 0.091686 p 1.945237 0 1 0
  7 0.000000 0.000000 0.091686 p 1.945237 0 0 1
  8 0.000000 0.000000 0.091686 p 0.493363 1 0 0
  9 0.000000 0.000000 0.091686 p 0.493363 0 1 0
  10 0.000000 0.000000 0.091686 p 0.493363 0 0 1
  11 1.422968 0.000000 -0.981210 s 1.309756 0 0 0
  12 1.422968 0.000000 -0.981210 s 0.233136 0 0 0
  13 -1.422968 0.000000 -0.981210 s 1.309756 0 0 0
  14 -1.422968 0.000000 -0.981210 s 0.233136 0 0 0

 ---End--- 
 Time 4.1318360 :
 SCF converged!!
 Energy: -72.9771868 
 Result in file: h2o_sto_2g-0
 -------------------------------------------------------- 
 Task: Opt 

 Outputfiles prefix: h2o_sto_2g-task-1 
 Optimization ...
 ---Start--- 
 Initial parameters 
 Maximum number of SCF: 100
 Default SCF tolerance: 0.000000
 Initial density matrix: None
 Maximum number of optimization steps: (FIX ME)30
 Tolerance in jac infinity norm (Hardcoded): 0.100000 
 Tolerance in energy (Hardcoded): 0.000010 
 Atomic coordinates
  O 1 8 0.0 0.0 0.0916858011029
  H 2 1 1.42296788349 0.0 -0.981209549317
  H 3 1 -1.42296788349 0.0 -0.981209549317
 Basis functions
  1 0.000000 0.000000 0.091686 s 49.980971 0 0 0
  2 0.000000 0.000000 0.091686 s 8.896588 0 0 0
  3 0.000000 0.000000 0.091686 s 1.945237 0 0 0
  4 0.000000 0.000000 0.091686 s 0.493363 0 0 0
  5 0.000000 0.000000 0.091686 p 1.945237 1 0 0
  6 0.000000 0.000000 0.091686 p 1.945237 0 1 0
  7 0.000000 0.000000 0.091686 p 1.945237 0 0 1
  8 0.000000 0.000000 0.091686 p 0.493363 1 0 0
  9 0.000000 0.000000 0.091686 p 0.493363 0 1 0
  10 0.000000 0.000000 0.091686 p 0.493363 0 0 1
  11 1.422968 0.000000 -0.981210 s 1.309756 0 0 0
  12 1.422968 0.000000 -0.981210 s 0.233136 0 0 0
  13 -1.422968 0.000000 -0.981210 s 1.309756 0 0 0
  14 -1.422968 0.000000 -0.981210 s 0.233136 0 0 0

 ---End--- 
 Time 787.0612820 :
 Message: Maximum number of iterations has been exceeded.
 Current energy: -74.667865
 Current gradient  1.589181 
 Number of iterations 5 
 Atomic coordinates
  O 1 8 0.0 0.0 0.0916858011029
  H 2 1 1.42296788349 0.0 -0.981209549317
  H 3 1 -1.42296788349 0.0 -0.981209549317
 Basis functions
  1 0.000000 0.000000 0.091686 s 135.545392 0 0 0
  2 0.000000 0.000000 0.091686 s 19.574369 0 0 0
  3 0.000000 0.000000 0.091686 s 4.944644 0 0 0
  4 0.000000 0.000000 0.091686 s 0.689005 0 0 0
  5 0.000000 0.000000 0.091686 p 2.851426 1 0 0
  6 0.000000 0.000000 0.091686 p 2.798600 0 1 0
  7 0.000000 0.000000 0.091686 p 2.883584 0 0 1
  8 0.000000 0.000000 0.091686 p 0.543853 1 0 0
  9 0.000000 0.000000 0.091686 p 0.489780 0 1 0
  10 0.000000 0.000000 0.091686 p 0.453495 0 0 1
  11 1.422968 0.000000 -0.981210 s 1.371735 0 0 0
  12 1.422968 0.000000 -0.981210 s 0.230254 0 0 0
  13 -1.422968 0.000000 -0.981210 s 1.371735 0 0 0
  14 -1.422968 0.000000 -0.981210 s 0.230254 0 0 0

 -------------------------------------------------------- 
 Task: Opt 

 Outputfiles prefix: h2o_sto_2g-task-2 
 Optimization ...
 ---Start--- 
 Initial parameters 
 Maximum number of SCF: 100
 Default SCF tolerance: 0.000000
 Initial density matrix: None
 Maximum number of optimization steps: (FIX ME)30
 Tolerance in jac infinity norm (Hardcoded): 0.100000 
 Tolerance in energy (Hardcoded): 0.000010 
 Atomic coordinates
  O 1 8 0.0 0.0 0.0916858011029
  H 2 1 1.42296788349 0.0 -0.981209549317
  H 3 1 -1.42296788349 0.0 -0.981209549317
 Basis functions
  1 0.000000 0.000000 0.091686 s 135.545392 0 0 0
  2 0.000000 0.000000 0.091686 s 19.574369 0 0 0
  3 0.000000 0.000000 0.091686 s 4.944644 0 0 0
  4 0.000000 0.000000 0.091686 s 0.689005 0 0 0
  5 0.000000 0.000000 0.091686 p 2.851426 1 0 0
  6 0.000000 0.000000 0.091686 p 2.798600 0 1 0
  7 0.000000 0.000000 0.091686 p 2.883584 0 0 1
  8 0.000000 0.000000 0.091686 p 0.543853 1 0 0
  9 0.000000 0.000000 0.091686 p 0.489780 0 1 0
  10 0.000000 0.000000 0.091686 p 0.453495 0 0 1
  11 1.422968 0.000000 -0.981210 s 1.371735 0 0 0
  12 1.422968 0.000000 -0.981210 s 0.230254 0 0 0
  13 -1.422968 0.000000 -0.981210 s 1.371735 0 0 0
  14 -1.422968 0.000000 -0.981210 s 0.230254 0 0 0

