 *************************************************
 Autochem(temporal name) May 2017
 Author: Teresa Tamayo Mendoza 
 *************************************************

 Starting at Mon Jun 26 19:51:54 2017
 -------------------------------------------------------- 
 Task: Energy 

 Output molden file: h2o-0 
 Single point ...
 ---Start--- 
 Initial parameters 
 Maximum number of SCF: 300
 Default SCF tolerance: 0.000000
 Initial density matrix: None
 Atomic coordinates
  O 1 8 0.0 0.0 0.0916858011029
  H 2 1 1.42296788349 0.0 -0.981209549317
  H 3 1 -1.42296788349 0.0 -0.981209549317
 Basis functions
  1 0.000000 0.000000 0.091686 s 322.037000 0 0 0
  2 0.000000 0.000000 0.091686 s 48.430800 0 0 0
  3 0.000000 0.000000 0.091686 s 10.420600 0 0 0
  4 0.000000 0.000000 0.091686 p 7.402940 1 0 0
  5 0.000000 0.000000 0.091686 p 1.576200 0 1 0
  6 0.000000 0.000000 0.091686 p 0.373684 0 0 1
  7 0.000000 0.000000 0.091686 p 7.402940 1 0 0
  8 0.000000 0.000000 0.091686 p 1.576200 0 1 0
  9 0.000000 0.000000 0.091686 p 7.402940 0 0 1
  10 1.422968 0.000000 -0.981210 s 1.576200 0 0 0
  11 1.422968 0.000000 -0.981210 s 7.402940 0 0 0
  12 -1.422968 0.000000 -0.981210 s 1.576200 0 0 0
  13 -1.422968 0.000000 -0.981210 s 0.373684 0 0 0

 ---End--- 
 Time 18.6390650 :
 SCF converged!!
 Energy: -75.5846334 
 -------------------------------------------------------- 
 Task: Opt 

 Outputfiles prefix: h2o-task-1 
 Single point ...
 ---Start--- 
 Initial parameters 
 Maximum number of SCF: 100
 Default SCF tolerance: 0.000000
 Initial density matrix: None
 Atomic coordinates
  O 1 8 0.0 0.0 0.0916858011029
  H 2 1 1.42296788349 0.0 -0.981209549317
  H 3 1 -1.42296788349 0.0 -0.981209549317
 Basis functions
  1 0.000000 0.000000 0.091686 s 322.037000 0 0 0
  2 0.000000 0.000000 0.091686 s 48.430800 0 0 0
  3 0.000000 0.000000 0.091686 s 10.420600 0 0 0
  4 0.000000 0.000000 0.091686 p 7.402940 1 0 0
  5 0.000000 0.000000 0.091686 p 1.576200 0 1 0
  6 0.000000 0.000000 0.091686 p 0.373684 0 0 1
  7 0.000000 0.000000 0.091686 p 7.402940 1 0 0
  8 0.000000 0.000000 0.091686 p 1.576200 0 1 0
  9 0.000000 0.000000 0.091686 p 7.402940 0 0 1
  10 1.422968 0.000000 -0.981210 s 1.576200 0 0 0
  11 1.422968 0.000000 -0.981210 s 7.402940 0 0 0
  12 -1.422968 0.000000 -0.981210 s 1.576200 0 0 0
  13 -1.422968 0.000000 -0.981210 s 0.373684 0 0 0

 ---End--- 
 Time 18.7618660 :
 SCF converged!!
 Energy: -75.5846334 
 Coefficients in file: h2o-task-1.npy
 
 Optimization ...
 ---Start--- 
 Initial parameters 
 Maximum number of SCF: 100
 Default SCF tolerance: 0.000000
 Initial density matrix: h2o-task-1.npy
 Maximum number of optimization steps: (FIX ME)30
 Tolerance in jac infinity norm (Hardcoded): 0.100000 
 Tolerance in energy (Hardcoded): 0.000010 
 Atomic coordinates
  O 1 8 0.0 0.0 0.0916858011029
  H 2 1 1.42296788349 0.0 -0.981209549317
  H 3 1 -1.42296788349 0.0 -0.981209549317
 Basis functions
  1 0.000000 0.000000 0.091686 s 322.037000 0 0 0
  2 0.000000 0.000000 0.091686 s 48.430800 0 0 0
  3 0.000000 0.000000 0.091686 s 10.420600 0 0 0
  4 0.000000 0.000000 0.091686 p 7.402940 1 0 0
  5 0.000000 0.000000 0.091686 p 1.576200 0 1 0
  6 0.000000 0.000000 0.091686 p 0.373684 0 0 1
  7 0.000000 0.000000 0.091686 p 7.402940 1 0 0
  8 0.000000 0.000000 0.091686 p 1.576200 0 1 0
  9 0.000000 0.000000 0.091686 p 7.402940 0 0 1
  10 1.422968 0.000000 -0.981210 s 1.576200 0 0 0
  11 1.422968 0.000000 -0.981210 s 7.402940 0 0 0
  12 -1.422968 0.000000 -0.981210 s 1.576200 0 0 0
  13 -1.422968 0.000000 -0.981210 s 0.373684 0 0 0

 ---End--- 
 Time 30211.0013670 :
 Message: Maximum number of iterations has been exceeded.
 Current energy: -75.609304
 Current gradient  2.347221 
 Number of iterations 10 
 Atomic coordinates
  O 1 8 0.0 0.0 0.0916858011029
  H 2 1 1.42296788349 0.0 -0.981209549317
  H 3 1 -1.42296788349 0.0 -0.981209549317
 Basis functions
  1 0.000122 0.000308 0.091520 s 322.037000 0 0 0
  2 -0.000004 -0.000009 0.086074 s 48.430800 0 0 0
  3 0.000000 -0.000001 0.087488 s 10.420600 0 0 0
  4 -0.000002 -0.000000 0.076643 p 7.402940 1 0 0
  5 -0.000002 0.000002 0.081919 p 1.576200 0 1 0
  6 0.000003 0.000001 0.089403 p 0.373684 0 0 1
  7 0.000001 0.000000 0.073339 p 7.402940 1 0 0
  8 -0.000001 0.000000 0.009726 p 1.576200 0 1 0
  9 0.000003 0.000004 0.036507 p 7.402940 0 0 1
  10 1.360086 -0.000001 -0.936351 s 1.576200 0 0 0
  11 1.422233 -0.000001 -0.990330 s 7.402940 0 0 0
  12 -1.360082 -0.000001 -0.936344 s 1.576200 0 0 0
  13 -1.422234 -0.000001 -0.990330 s 0.373684 0 0 0

 -------------------------------------------------------- 
 Task: Opt 

 Outputfiles prefix: h2o-task-2 
 Single point ...
 ---Start--- 
 Initial parameters 
 Maximum number of SCF: 100
 Default SCF tolerance: 0.000000
 Initial density matrix: None
 Atomic coordinates
  O 1 8 0.0 0.0 0.0916858011029
  H 2 1 1.42296788349 0.0 -0.981209549317
  H 3 1 -1.42296788349 0.0 -0.981209549317
 Basis functions
  1 0.000122 0.000308 0.091520 s 322.037000 0 0 0
  2 -0.000004 -0.000009 0.086074 s 48.430800 0 0 0
  3 0.000000 -0.000001 0.087488 s 10.420600 0 0 0
  4 -0.000002 -0.000000 0.076643 p 7.402940 1 0 0
  5 -0.000002 0.000002 0.081919 p 1.576200 0 1 0
  6 0.000003 0.000001 0.089403 p 0.373684 0 0 1
  7 0.000001 0.000000 0.073339 p 7.402940 1 0 0
  8 -0.000001 0.000000 0.009726 p 1.576200 0 1 0
  9 0.000003 0.000004 0.036507 p 7.402940 0 0 1
  10 1.360086 -0.000001 -0.936351 s 1.576200 0 0 0
  11 1.422233 -0.000001 -0.990330 s 7.402940 0 0 0
  12 -1.360082 -0.000001 -0.936344 s 1.576200 0 0 0
  13 -1.422234 -0.000001 -0.990330 s 0.373684 0 0 0

 ---End--- 
 Time 15.7912690 :
 SCF converged!!
 Energy: -75.6116774 
 Coefficients in file: h2o-task-2.npy
 
 Optimization ...
 ---Start--- 
 Initial parameters 
 Maximum number of SCF: 100
 Default SCF tolerance: 0.000000
 Initial density matrix: h2o-task-2.npy
 Maximum number of optimization steps: (FIX ME)30
 Tolerance in jac infinity norm (Hardcoded): 0.100000 
 Tolerance in energy (Hardcoded): 0.000010 
 Atomic coordinates
  O 1 8 0.0 0.0 0.0916858011029
  H 2 1 1.42296788349 0.0 -0.981209549317
  H 3 1 -1.42296788349 0.0 -0.981209549317
 Basis functions
  1 0.000122 0.000308 0.091520 s 322.037000 0 0 0
  2 -0.000004 -0.000009 0.086074 s 48.430800 0 0 0
  3 0.000000 -0.000001 0.087488 s 10.420600 0 0 0
  4 -0.000002 -0.000000 0.076643 p 7.402940 1 0 0
  5 -0.000002 0.000002 0.081919 p 1.576200 0 1 0
  6 0.000003 0.000001 0.089403 p 0.373684 0 0 1
  7 0.000001 0.000000 0.073339 p 7.402940 1 0 0
  8 -0.000001 0.000000 0.009726 p 1.576200 0 1 0
  9 0.000003 0.000004 0.036507 p 7.402940 0 0 1
  10 1.360086 -0.000001 -0.936351 s 1.576200 0 0 0
  11 1.422233 -0.000001 -0.990330 s 7.402940 0 0 0
  12 -1.360082 -0.000001 -0.936344 s 1.576200 0 0 0
  13 -1.422234 -0.000001 -0.990330 s 0.373684 0 0 0

