 *************************************************
 Autochem(temporal name) May 2017
 Author: Teresa Tamayo Mendoza 
 *************************************************

 Starting at Tue Jun 27 16:55:09 2017
 -------------------------------------------------------- 
 Task: Energy 

 Output molden file: hf-sto-2g-0 
 Single point ...
 ---Start--- 
 Initial parameters 
 Maximum number of SCF: 300
 Default SCF tolerance: 0.000000
 Initial density matrix: None
 Atomic coordinates
  F 1 9 0.0 0.0 0.12532478
  H 2 1 0.0 0.0 -1.56968015
 Basis functions
  1 0.000000 0.000000 0.125325 s 166.679130 0 0 0
  2 0.000000 0.000000 0.125325 s 30.360812 0 0 0
  3 0.000000 0.000000 0.125325 p 8.216821 1 0 0
  4 0.000000 0.000000 0.125325 p 6.464803 0 1 0
  5 0.000000 0.000000 0.125325 p 1.502281 0 0 1
  6 0.000000 0.000000 -1.569680 s 0.488588 0 0 0

 ---End--- 
 Time 9.5582950 :
 SCF converged!!
 Energy: -98.5678663 
 -------------------------------------------------------- 
 Task: Opt 

 Outputfiles prefix: hf-sto-2g-task-1 
 Single point ...
 ---Start--- 
 Initial parameters 
 Maximum number of SCF: 100
 Default SCF tolerance: 0.000000
 Initial density matrix: None
 Atomic coordinates
  F 1 9 0.0 0.0 0.12532478
  H 2 1 0.0 0.0 -1.56968015
 Basis functions
  1 0.000000 0.000000 0.125325 s 166.679130 0 0 0
  2 0.000000 0.000000 0.125325 s 30.360812 0 0 0
  3 0.000000 0.000000 0.125325 p 8.216821 1 0 0
  4 0.000000 0.000000 0.125325 p 6.464803 0 1 0
  5 0.000000 0.000000 0.125325 p 1.502281 0 0 1
  6 0.000000 0.000000 -1.569680 s 0.488588 0 0 0

 ---End--- 
 Time 10.6186260 :
 SCF converged!!
 Energy: -98.5678663 
 Coefficients in file: hf-sto-2g-task-1.npy
 
 Optimization ...
 ---Start--- 
 Initial parameters 
 Maximum number of SCF: 100
 Default SCF tolerance: 0.000000
 Initial density matrix: hf-sto-2g-task-1.npy
 Maximum number of optimization steps: (FIX ME)30
 Tolerance in jac infinity norm (Hardcoded): 0.100000 
 Tolerance in energy (Hardcoded): 0.000010 
 Atomic coordinates
  F 1 9 0.0 0.0 0.12532478
  H 2 1 0.0 0.0 -1.56968015
 Basis functions
  1 0.000000 0.000000 0.125325 s 166.679130 0 0 0
  2 0.000000 0.000000 0.125325 s 30.360812 0 0 0
  3 0.000000 0.000000 0.125325 p 8.216821 1 0 0
  4 0.000000 0.000000 0.125325 p 6.464803 0 1 0
  5 0.000000 0.000000 0.125325 p 1.502281 0 0 1
  6 0.000000 0.000000 -1.569680 s 0.488588 0 0 0

